
**** Build of configuration Release for project Application ****

"C:\\ti\\ccs1220\\ccs\\utils\\bin\\gmake" -k -j 4 all -O 
 
Building file: "../Source/BSP/bsp.c"
Invoking: GNU Compiler
"C:/ti/ccs1220/ccs/tools/compiler/gcc-arm-none-eabi-9-2019-q4-major/bin/arm-none-eabi-gcc-9.2.1.exe" -c -mcpu=cortex-m4 -march=armv7e-m -mthumb -mfloat-abi=soft -mfpu=fpv4-sp-d16 -DPART_TM4C123GH6PM -I"D:/embedded/Code_Composer_Studio/Boot_App/Application/Source/BSP" -I"D:/embedded/Code_Composer_Studio/Boot_App/Application/Source/CMSIS" -I"D:/embedded/Code_Composer_Studio/Boot_App/Application/Source/Common" -I"D:/embedded/Code_Composer_Studio/Boot_App/Application/Source/Interface" -I"D:/embedded/Code_Composer_Studio/Boot_App/Application" -I"C:/ti/ccs1220/ccs/tools/compiler/gcc-arm-none-eabi-9-2019-q4-major/arm-none-eabi/include" -O0 -fsigned-char -ffunction-sections -fdata-sections -Wall -specs="nosys.specs" -MMD -MP -MF"Source/BSP/bsp.d_raw" -MT"Source/BSP/bsp.o" -std=c99  -o"Source/BSP/bsp.o" "../Source/BSP/bsp.c"
Finished building: "../Source/BSP/bsp.c"
 
Building file: "../Source/BSP/startup_tm4c_gnu.c"
Invoking: GNU Compiler
"C:/ti/ccs1220/ccs/tools/compiler/gcc-arm-none-eabi-9-2019-q4-major/bin/arm-none-eabi-gcc-9.2.1.exe" -c -mcpu=cortex-m4 -march=armv7e-m -mthumb -mfloat-abi=soft -mfpu=fpv4-sp-d16 -DPART_TM4C123GH6PM -I"D:/embedded/Code_Composer_Studio/Boot_App/Application/Source/BSP" -I"D:/embedded/Code_Composer_Studio/Boot_App/Application/Source/CMSIS" -I"D:/embedded/Code_Composer_Studio/Boot_App/Application/Source/Common" -I"D:/embedded/Code_Composer_Studio/Boot_App/Application/Source/Interface" -I"D:/embedded/Code_Composer_Studio/Boot_App/Application" -I"C:/ti/ccs1220/ccs/tools/compiler/gcc-arm-none-eabi-9-2019-q4-major/arm-none-eabi/include" -O0 -fsigned-char -ffunction-sections -fdata-sections -Wall -specs="nosys.specs" -MMD -MP -MF"Source/BSP/startup_tm4c_gnu.d_raw" -MT"Source/BSP/startup_tm4c_gnu.o" -std=c99  -o"Source/BSP/startup_tm4c_gnu.o" "../Source/BSP/startup_tm4c_gnu.c"
Finished building: "../Source/BSP/startup_tm4c_gnu.c"
 
Building file: "../Source/App/Main/main.c"
Invoking: GNU Compiler
"C:/ti/ccs1220/ccs/tools/compiler/gcc-arm-none-eabi-9-2019-q4-major/bin/arm-none-eabi-gcc-9.2.1.exe" -c -mcpu=cortex-m4 -march=armv7e-m -mthumb -mfloat-abi=soft -mfpu=fpv4-sp-d16 -DPART_TM4C123GH6PM -I"D:/embedded/Code_Composer_Studio/Boot_App/Application/Source/BSP" -I"D:/embedded/Code_Composer_Studio/Boot_App/Application/Source/CMSIS" -I"D:/embedded/Code_Composer_Studio/Boot_App/Application/Source/Common" -I"D:/embedded/Code_Composer_Studio/Boot_App/Application/Source/Interface" -I"D:/embedded/Code_Composer_Studio/Boot_App/Application" -I"C:/ti/ccs1220/ccs/tools/compiler/gcc-arm-none-eabi-9-2019-q4-major/arm-none-eabi/include" -O0 -fsigned-char -ffunction-sections -fdata-sections -Wall -specs="nosys.specs" -MMD -MP -MF"Source/App/Main/main.d_raw" -MT"Source/App/Main/main.o" -std=c99  -o"Source/App/Main/main.o" "../Source/App/Main/main.c"
../Source/App/Main/main.c:20:6: warning: return type of 'main' is not 'int' [-Wmain]
   20 | void main()
      |      ^~~~
../Source/App/Main/main.c: In function 'main':
../Source/App/Main/main.c:53:17: warning: pointer targets in passing argument 1 of 'sprintf' differ in signedness [-Wpointer-sign]
   53 |         sprintf(str,"Curr time = %d\r\n", curr_time);
      |                 ^~~
      |                 |
      |                 unsigned char *
In file included from ../Source/App/Main/main.c:1:
c:\ti\ccs1220\ccs\tools\compiler\gcc-arm-none-eabi-9-2019-q4-major\arm-none-eabi\include\stdio.h:244:14: note: expected 'char * restrict' but argument is of type 'unsigned char *'
  244 | int sprintf (char *__restrict, const char *__restrict, ...)
      |              ^
../Source/App/Main/main.c:58:17: warning: pointer targets in passing argument 1 of 'sprintf' differ in signedness [-Wpointer-sign]
   58 |         sprintf(str,"FPS = %d\r\n", fps);
      |                 ^~~
      |                 |
      |                 unsigned char *
In file included from ../Source/App/Main/main.c:1:
c:\ti\ccs1220\ccs\tools\compiler\gcc-arm-none-eabi-9-2019-q4-major\arm-none-eabi\include\stdio.h:244:14: note: expected 'char * restrict' but argument is of type 'unsigned char *'
  244 | int sprintf (char *__restrict, const char *__restrict, ...)
      |              ^
Finished building: "../Source/App/Main/main.c"
 
Building file: "../Source/Driver/ADC/ADC_Driver.c"
Invoking: GNU Compiler
"C:/ti/ccs1220/ccs/tools/compiler/gcc-arm-none-eabi-9-2019-q4-major/bin/arm-none-eabi-gcc-9.2.1.exe" -c -mcpu=cortex-m4 -march=armv7e-m -mthumb -mfloat-abi=soft -mfpu=fpv4-sp-d16 -DPART_TM4C123GH6PM -I"D:/embedded/Code_Composer_Studio/Boot_App/Application/Source/BSP" -I"D:/embedded/Code_Composer_Studio/Boot_App/Application/Source/CMSIS" -I"D:/embedded/Code_Composer_Studio/Boot_App/Application/Source/Common" -I"D:/embedded/Code_Composer_Studio/Boot_App/Application/Source/Interface" -I"D:/embedded/Code_Composer_Studio/Boot_App/Application" -I"C:/ti/ccs1220/ccs/tools/compiler/gcc-arm-none-eabi-9-2019-q4-major/arm-none-eabi/include" -O0 -fsigned-char -ffunction-sections -fdata-sections -Wall -specs="nosys.specs" -MMD -MP -MF"Source/Driver/ADC/ADC_Driver.d_raw" -MT"Source/Driver/ADC/ADC_Driver.o" -std=c99  -o"Source/Driver/ADC/ADC_Driver.o" "../Source/Driver/ADC/ADC_Driver.c"
Finished building: "../Source/Driver/ADC/ADC_Driver.c"
 
Building file: "../Source/Driver/CAN/CAN_Driver.c"
Invoking: GNU Compiler
"C:/ti/ccs1220/ccs/tools/compiler/gcc-arm-none-eabi-9-2019-q4-major/bin/arm-none-eabi-gcc-9.2.1.exe" -c -mcpu=cortex-m4 -march=armv7e-m -mthumb -mfloat-abi=soft -mfpu=fpv4-sp-d16 -DPART_TM4C123GH6PM -I"D:/embedded/Code_Composer_Studio/Boot_App/Application/Source/BSP" -I"D:/embedded/Code_Composer_Studio/Boot_App/Application/Source/CMSIS" -I"D:/embedded/Code_Composer_Studio/Boot_App/Application/Source/Common" -I"D:/embedded/Code_Composer_Studio/Boot_App/Application/Source/Interface" -I"D:/embedded/Code_Composer_Studio/Boot_App/Application" -I"C:/ti/ccs1220/ccs/tools/compiler/gcc-arm-none-eabi-9-2019-q4-major/arm-none-eabi/include" -O0 -fsigned-char -ffunction-sections -fdata-sections -Wall -specs="nosys.specs" -MMD -MP -MF"Source/Driver/CAN/CAN_Driver.d_raw" -MT"Source/Driver/CAN/CAN_Driver.o" -std=c99  -o"Source/Driver/CAN/CAN_Driver.o" "../Source/Driver/CAN/CAN_Driver.c"
../Source/Driver/CAN/CAN_Driver.c: In function 'CAN0_Init':
../Source/Driver/CAN/CAN_Driver.c:79:32: warning: unused variable 'delay' [-Wunused-variable]
   79 |         volatile unsigned long delay;
      |                                ^~~~~
Finished building: "../Source/Driver/CAN/CAN_Driver.c"
 
Building file: "../Source/Driver/GPIO/GPIOdriver.c"
Invoking: GNU Compiler
"C:/ti/ccs1220/ccs/tools/compiler/gcc-arm-none-eabi-9-2019-q4-major/bin/arm-none-eabi-gcc-9.2.1.exe" -c -mcpu=cortex-m4 -march=armv7e-m -mthumb -mfloat-abi=soft -mfpu=fpv4-sp-d16 -DPART_TM4C123GH6PM -I"D:/embedded/Code_Composer_Studio/Boot_App/Application/Source/BSP" -I"D:/embedded/Code_Composer_Studio/Boot_App/Application/Source/CMSIS" -I"D:/embedded/Code_Composer_Studio/Boot_App/Application/Source/Common" -I"D:/embedded/Code_Composer_Studio/Boot_App/Application/Source/Interface" -I"D:/embedded/Code_Composer_Studio/Boot_App/Application" -I"C:/ti/ccs1220/ccs/tools/compiler/gcc-arm-none-eabi-9-2019-q4-major/arm-none-eabi/include" -O0 -fsigned-char -ffunction-sections -fdata-sections -Wall -specs="nosys.specs" -MMD -MP -MF"Source/Driver/GPIO/GPIOdriver.d_raw" -MT"Source/Driver/GPIO/GPIOdriver.o" -std=c99  -o"Source/Driver/GPIO/GPIOdriver.o" "../Source/Driver/GPIO/GPIOdriver.c"
Finished building: "../Source/Driver/GPIO/GPIOdriver.c"
 
Building file: "../Source/Driver/LCD/LCD.c"
Invoking: GNU Compiler
"C:/ti/ccs1220/ccs/tools/compiler/gcc-arm-none-eabi-9-2019-q4-major/bin/arm-none-eabi-gcc-9.2.1.exe" -c -mcpu=cortex-m4 -march=armv7e-m -mthumb -mfloat-abi=soft -mfpu=fpv4-sp-d16 -DPART_TM4C123GH6PM -I"D:/embedded/Code_Composer_Studio/Boot_App/Application/Source/BSP" -I"D:/embedded/Code_Composer_Studio/Boot_App/Application/Source/CMSIS" -I"D:/embedded/Code_Composer_Studio/Boot_App/Application/Source/Common" -I"D:/embedded/Code_Composer_Studio/Boot_App/Application/Source/Interface" -I"D:/embedded/Code_Composer_Studio/Boot_App/Application" -I"C:/ti/ccs1220/ccs/tools/compiler/gcc-arm-none-eabi-9-2019-q4-major/arm-none-eabi/include" -O0 -fsigned-char -ffunction-sections -fdata-sections -Wall -specs="nosys.specs" -MMD -MP -MF"Source/Driver/LCD/LCD.d_raw" -MT"Source/Driver/LCD/LCD.o" -std=c99  -o"Source/Driver/LCD/LCD.o" "../Source/Driver/LCD/LCD.c"
Finished building: "../Source/Driver/LCD/LCD.c"
 
Building file: "../Source/Driver/I2C/I2C.c"
Invoking: GNU Compiler
"C:/ti/ccs1220/ccs/tools/compiler/gcc-arm-none-eabi-9-2019-q4-major/bin/arm-none-eabi-gcc-9.2.1.exe" -c -mcpu=cortex-m4 -march=armv7e-m -mthumb -mfloat-abi=soft -mfpu=fpv4-sp-d16 -DPART_TM4C123GH6PM -I"D:/embedded/Code_Composer_Studio/Boot_App/Application/Source/BSP" -I"D:/embedded/Code_Composer_Studio/Boot_App/Application/Source/CMSIS" -I"D:/embedded/Code_Composer_Studio/Boot_App/Application/Source/Common" -I"D:/embedded/Code_Composer_Studio/Boot_App/Application/Source/Interface" -I"D:/embedded/Code_Composer_Studio/Boot_App/Application" -I"C:/ti/ccs1220/ccs/tools/compiler/gcc-arm-none-eabi-9-2019-q4-major/arm-none-eabi/include" -O0 -fsigned-char -ffunction-sections -fdata-sections -Wall -specs="nosys.specs" -MMD -MP -MF"Source/Driver/I2C/I2C.d_raw" -MT"Source/Driver/I2C/I2C.o" -std=c99  -o"Source/Driver/I2C/I2C.o" "../Source/Driver/I2C/I2C.c"
../Source/Driver/I2C/I2C.c: In function 'Check_I2C_busy':
../Source/Driver/I2C/I2C.c:85:54: warning: suggest parentheses around comparison in operand of '&' [-Wparentheses]
   85 |     while((I2C_config[I2C_Index].I2C_Perif_Addr->MCS & (1<<0) != 0));        // wait till I2C controller is busy
      |                                                      ^
Finished building: "../Source/Driver/I2C/I2C.c"
 
Building file: "../Source/Driver/Timer/Timer.c"
Invoking: GNU Compiler
"C:/ti/ccs1220/ccs/tools/compiler/gcc-arm-none-eabi-9-2019-q4-major/bin/arm-none-eabi-gcc-9.2.1.exe" -c -mcpu=cortex-m4 -march=armv7e-m -mthumb -mfloat-abi=soft -mfpu=fpv4-sp-d16 -DPART_TM4C123GH6PM -I"D:/embedded/Code_Composer_Studio/Boot_App/Application/Source/BSP" -I"D:/embedded/Code_Composer_Studio/Boot_App/Application/Source/CMSIS" -I"D:/embedded/Code_Composer_Studio/Boot_App/Application/Source/Common" -I"D:/embedded/Code_Composer_Studio/Boot_App/Application/Source/Interface" -I"D:/embedded/Code_Composer_Studio/Boot_App/Application" -I"C:/ti/ccs1220/ccs/tools/compiler/gcc-arm-none-eabi-9-2019-q4-major/arm-none-eabi/include" -O0 -fsigned-char -ffunction-sections -fdata-sections -Wall -specs="nosys.specs" -MMD -MP -MF"Source/Driver/Timer/Timer.d_raw" -MT"Source/Driver/Timer/Timer.o" -std=c99  -o"Source/Driver/Timer/Timer.o" "../Source/Driver/Timer/Timer.c"
../Source/Driver/Timer/Timer.c: In function 'Timer_scheduler':
../Source/Driver/Timer/Timer.c:103:18: warning: suggest parentheses around comparison in operand of '&' [-Wparentheses]
  103 |  if( TIMER0->RIS &0X00000001 == 1 )
      |                  ^
Finished building: "../Source/Driver/Timer/Timer.c"
 
Building file: "../Source/Driver/Timer/timercnter.c"
Invoking: GNU Compiler
"C:/ti/ccs1220/ccs/tools/compiler/gcc-arm-none-eabi-9-2019-q4-major/bin/arm-none-eabi-gcc-9.2.1.exe" -c -mcpu=cortex-m4 -march=armv7e-m -mthumb -mfloat-abi=soft -mfpu=fpv4-sp-d16 -DPART_TM4C123GH6PM -I"D:/embedded/Code_Composer_Studio/Boot_App/Application/Source/BSP" -I"D:/embedded/Code_Composer_Studio/Boot_App/Application/Source/CMSIS" -I"D:/embedded/Code_Composer_Studio/Boot_App/Application/Source/Common" -I"D:/embedded/Code_Composer_Studio/Boot_App/Application/Source/Interface" -I"D:/embedded/Code_Composer_Studio/Boot_App/Application" -I"C:/ti/ccs1220/ccs/tools/compiler/gcc-arm-none-eabi-9-2019-q4-major/arm-none-eabi/include" -O0 -fsigned-char -ffunction-sections -fdata-sections -Wall -specs="nosys.specs" -MMD -MP -MF"Source/Driver/Timer/timercnter.d_raw" -MT"Source/Driver/Timer/timercnter.o" -std=c99  -o"Source/Driver/Timer/timercnter.o" "../Source/Driver/Timer/timercnter.c"
Finished building: "../Source/Driver/Timer/timercnter.c"
 
Building file: "../Source/Driver/SPI/SPI.c"
Invoking: GNU Compiler
"C:/ti/ccs1220/ccs/tools/compiler/gcc-arm-none-eabi-9-2019-q4-major/bin/arm-none-eabi-gcc-9.2.1.exe" -c -mcpu=cortex-m4 -march=armv7e-m -mthumb -mfloat-abi=soft -mfpu=fpv4-sp-d16 -DPART_TM4C123GH6PM -I"D:/embedded/Code_Composer_Studio/Boot_App/Application/Source/BSP" -I"D:/embedded/Code_Composer_Studio/Boot_App/Application/Source/CMSIS" -I"D:/embedded/Code_Composer_Studio/Boot_App/Application/Source/Common" -I"D:/embedded/Code_Composer_Studio/Boot_App/Application/Source/Interface" -I"D:/embedded/Code_Composer_Studio/Boot_App/Application" -I"C:/ti/ccs1220/ccs/tools/compiler/gcc-arm-none-eabi-9-2019-q4-major/arm-none-eabi/include" -O0 -fsigned-char -ffunction-sections -fdata-sections -Wall -specs="nosys.specs" -MMD -MP -MF"Source/Driver/SPI/SPI.d_raw" -MT"Source/Driver/SPI/SPI.o" -std=c99  -o"Source/Driver/SPI/SPI.o" "../Source/Driver/SPI/SPI.c"
Finished building: "../Source/Driver/SPI/SPI.c"
 
Building file: "../Source/Driver/UART/UART.c"
Invoking: GNU Compiler
"C:/ti/ccs1220/ccs/tools/compiler/gcc-arm-none-eabi-9-2019-q4-major/bin/arm-none-eabi-gcc-9.2.1.exe" -c -mcpu=cortex-m4 -march=armv7e-m -mthumb -mfloat-abi=soft -mfpu=fpv4-sp-d16 -DPART_TM4C123GH6PM -I"D:/embedded/Code_Composer_Studio/Boot_App/Application/Source/BSP" -I"D:/embedded/Code_Composer_Studio/Boot_App/Application/Source/CMSIS" -I"D:/embedded/Code_Composer_Studio/Boot_App/Application/Source/Common" -I"D:/embedded/Code_Composer_Studio/Boot_App/Application/Source/Interface" -I"D:/embedded/Code_Composer_Studio/Boot_App/Application" -I"C:/ti/ccs1220/ccs/tools/compiler/gcc-arm-none-eabi-9-2019-q4-major/arm-none-eabi/include" -O0 -fsigned-char -ffunction-sections -fdata-sections -Wall -specs="nosys.specs" -MMD -MP -MF"Source/Driver/UART/UART.d_raw" -MT"Source/Driver/UART/UART.o" -std=c99  -o"Source/Driver/UART/UART.o" "../Source/Driver/UART/UART.c"
Finished building: "../Source/Driver/UART/UART.c"
 
Building file: "../Source/Middleware/MCP3208/MCP3208.c"
Invoking: GNU Compiler
"C:/ti/ccs1220/ccs/tools/compiler/gcc-arm-none-eabi-9-2019-q4-major/bin/arm-none-eabi-gcc-9.2.1.exe" -c -mcpu=cortex-m4 -march=armv7e-m -mthumb -mfloat-abi=soft -mfpu=fpv4-sp-d16 -DPART_TM4C123GH6PM -I"D:/embedded/Code_Composer_Studio/Boot_App/Application/Source/BSP" -I"D:/embedded/Code_Composer_Studio/Boot_App/Application/Source/CMSIS" -I"D:/embedded/Code_Composer_Studio/Boot_App/Application/Source/Common" -I"D:/embedded/Code_Composer_Studio/Boot_App/Application/Source/Interface" -I"D:/embedded/Code_Composer_Studio/Boot_App/Application" -I"C:/ti/ccs1220/ccs/tools/compiler/gcc-arm-none-eabi-9-2019-q4-major/arm-none-eabi/include" -O0 -fsigned-char -ffunction-sections -fdata-sections -Wall -specs="nosys.specs" -MMD -MP -MF"Source/Middleware/MCP3208/MCP3208.d_raw" -MT"Source/Middleware/MCP3208/MCP3208.o" -std=c99  -o"Source/Middleware/MCP3208/MCP3208.o" "../Source/Middleware/MCP3208/MCP3208.c"
Finished building: "../Source/Middleware/MCP3208/MCP3208.c"
 
Building file: "../Source/Middleware/RTC_DS3231/DS3231.c"
Invoking: GNU Compiler
"C:/ti/ccs1220/ccs/tools/compiler/gcc-arm-none-eabi-9-2019-q4-major/bin/arm-none-eabi-gcc-9.2.1.exe" -c -mcpu=cortex-m4 -march=armv7e-m -mthumb -mfloat-abi=soft -mfpu=fpv4-sp-d16 -DPART_TM4C123GH6PM -I"D:/embedded/Code_Composer_Studio/Boot_App/Application/Source/BSP" -I"D:/embedded/Code_Composer_Studio/Boot_App/Application/Source/CMSIS" -I"D:/embedded/Code_Composer_Studio/Boot_App/Application/Source/Common" -I"D:/embedded/Code_Composer_Studio/Boot_App/Application/Source/Interface" -I"D:/embedded/Code_Composer_Studio/Boot_App/Application" -I"C:/ti/ccs1220/ccs/tools/compiler/gcc-arm-none-eabi-9-2019-q4-major/arm-none-eabi/include" -O0 -fsigned-char -ffunction-sections -fdata-sections -Wall -specs="nosys.specs" -MMD -MP -MF"Source/Middleware/RTC_DS3231/DS3231.d_raw" -MT"Source/Middleware/RTC_DS3231/DS3231.o" -std=c99  -o"Source/Middleware/RTC_DS3231/DS3231.o" "../Source/Middleware/RTC_DS3231/DS3231.c"
Finished building: "../Source/Middleware/RTC_DS3231/DS3231.c"
 
Building file: "../Source/Middleware/OLED_SSD1306/SSD1306.c"
Invoking: GNU Compiler
"C:/ti/ccs1220/ccs/tools/compiler/gcc-arm-none-eabi-9-2019-q4-major/bin/arm-none-eabi-gcc-9.2.1.exe" -c -mcpu=cortex-m4 -march=armv7e-m -mthumb -mfloat-abi=soft -mfpu=fpv4-sp-d16 -DPART_TM4C123GH6PM -I"D:/embedded/Code_Composer_Studio/Boot_App/Application/Source/BSP" -I"D:/embedded/Code_Composer_Studio/Boot_App/Application/Source/CMSIS" -I"D:/embedded/Code_Composer_Studio/Boot_App/Application/Source/Common" -I"D:/embedded/Code_Composer_Studio/Boot_App/Application/Source/Interface" -I"D:/embedded/Code_Composer_Studio/Boot_App/Application" -I"C:/ti/ccs1220/ccs/tools/compiler/gcc-arm-none-eabi-9-2019-q4-major/arm-none-eabi/include" -O0 -fsigned-char -ffunction-sections -fdata-sections -Wall -specs="nosys.specs" -MMD -MP -MF"Source/Middleware/OLED_SSD1306/SSD1306.d_raw" -MT"Source/Middleware/OLED_SSD1306/SSD1306.o" -std=c99  -o"Source/Middleware/OLED_SSD1306/SSD1306.o" "../Source/Middleware/OLED_SSD1306/SSD1306.c"
Finished building: "../Source/Middleware/OLED_SSD1306/SSD1306.c"
 
Building target: "Application.out"
Invoking: GNU Linker
"C:/ti/ccs1220/ccs/tools/compiler/gcc-arm-none-eabi-9-2019-q4-major/bin/arm-none-eabi-gcc-9.2.1.exe" -mfpu=fpv4-sp-d16 -DPART_TM4C123GH6PM -O0 -fsigned-char -ffunction-sections -fdata-sections -Wall -specs="nosys.specs" -march=armv7e-m -mthumb -mfloat-abi=soft -Wl,-Map,"Application.map" -o"Application.out" "./Source/App/Main/main.o" "./Source/BSP/bsp.o" "./Source/BSP/startup_tm4c_gnu.o" "./Source/Driver/ADC/ADC_Driver.o" "./Source/Driver/CAN/CAN_Driver.o" "./Source/Driver/GPIO/GPIOdriver.o" "./Source/Driver/I2C/I2C.o" "./Source/Driver/LCD/LCD.o" "./Source/Driver/SPI/SPI.o" "./Source/Driver/Timer/Timer.o" "./Source/Driver/Timer/timercnter.o" "./Source/Driver/UART/UART.o" "./Source/Middleware/MCP3208/MCP3208.o" "./Source/Middleware/OLED_SSD1306/SSD1306.o" "./Source/Middleware/RTC_DS3231/DS3231.o" -Wl,-T"../tm4c123gh6pm.lds"  -Wl,--start-group -lc -Wl,--end-group 
Finished building target: "Application.out"
 
Building secondary target: "Application.hex"
Invoking: GNU Objcopy Utility
"C:/ti/ccs1220/ccs/tools/compiler/gcc-arm-none-eabi-9-2019-q4-major/bin/arm-none-eabi-objcopy.exe"   "Application.out"  "Application.hex"
Finished building secondary target: "Application.hex"
 
"C:\ti\ccs1220\ccs\tools\compiler\gcc-arm-none-eabi-9-2019-q4-major\bin\arm-none-eabi-objcopy.exe" -O binary "Application.out" "Application.bin"
 

**** Build Finished ****
